# JRE version: Java(TM) SE Runtime Environment (8.0_181-b13) (build 1.8.0_181-b13)
# Java VM: Java HotSpot(TM) 64-Bit Server VM (25.181-b13 mixed mode linux-amd64 compressed oops)
Heap:
 PSYoungGen      total 134656K, used 13312K [0x00000000d8000000, 0x00000000e1200000, 0x0000000100000000)
  eden space 121344K, 0% used [0x00000000d8000000,0x00000000d8000000,0x00000000df680000)
  from space 13312K, 100% used [0x00000000df680000,0x00000000e0380000,0x00000000e0380000)
  to   space 11776K, 0% used [0x00000000e0380000,0x00000000e0380000,0x00000000e0f00000)
 ParOldGen       total 81920K, used 18319K [0x0000000088000000, 0x000000008d000000, 0x00000000d8000000)
  object space 81920K, 22% used [0x0000000088000000,0x00000000891e3d10,0x000000008d000000)
 Metaspace       used 17606K, capacity 17966K, committed 18304K, reserved 1064960K
  class space    used 2033K, capacity 2146K, committed 2176K, reserved 1048576K
GC Heap History (10 events):
Event: 1.292 GC heap after
Heap after GC invocations=2 (full 0):
 PSYoungGen      total 35840K, used 5104K [0x00000000d8000000, 0x00000000da800000, 0x0000000100000000)
  eden space 30720K, 0% used [0x00000000d8000000,0x00000000d8000000,0x00000000d9e00000)
  from space 5120K, 99% used [0x00000000da300000,0x00000000da7fc348,0x00000000da800000)
  to   space 5120K, 0% used [0x00000000d9e00000,0x00000000d9e00000,0x00000000da300000)
 ParOldGen       total 81920K, used 1524K [0x0000000088000000, 0x000000008d000000, 0x00000000d8000000)
  object space 81920K, 1% used [0x0000000088000000,0x000000008817d380,0x000000008d000000)
 Metaspace       used 11475K, capacity 11618K, committed 11776K, reserved 1058816K
  class space    used 1438K, capacity 1507K, committed 1536K, reserved 1048576K
}
Event: 1.981 GC heap before
{Heap before GC invocations=3 (full 0):
 PSYoungGen      total 35840K, used 35824K [0x00000000d8000000, 0x00000000da800000, 0x0000000100000000)
  eden space 30720K, 100% used [0x00000000d8000000,0x00000000d9e00000,0x00000000d9e00000)
  from space 5120K, 99% used [0x00000000da300000,0x00000000da7fc348,0x00000000da800000)
  to   space 5120K, 0% used [0x00000000d9e00000,0x00000000d9e00000,0x00000000da300000)
 ParOldGen       total 81920K, used 1524K [0x0000000088000000, 0x000000008d000000, 0x00000000d8000000)
  object space 81920K, 1% used [0x0000000088000000,0x000000008817d380,0x000000008d000000)
 Metaspace       used 14366K, capacity 14570K, committed 14720K, reserved 1062912K
  class space    used 1801K, capacity 1904K, committed 1920K, reserved 1048576K
Event: 1.989 GC heap after
Heap after GC invocations=3 (full 0):
 PSYoungGen      total 35840K, used 5091K [0x00000000d8000000, 0x00000000dc600000, 0x0000000100000000)
  eden space 30720K, 0% used [0x00000000d8000000,0x00000000d8000000,0x00000000d9e00000)
  from space 5120K, 99% used [0x00000000d9e00000,0x00000000da2f8cd8,0x00000000da300000)
  to   space 5120K, 0% used [0x00000000dc100000,0x00000000dc100000,0x00000000dc600000)
 ParOldGen       total 81920K, used 1986K [0x0000000088000000, 0x000000008d000000, 0x00000000d8000000)
  object space 81920K, 2% used [0x0000000088000000,0x00000000881f0920,0x000000008d000000)
 Metaspace       used 14366K, capacity 14570K, committed 14720K, reserved 1062912K
  class space    used 1801K, capacity 1904K, committed 1920K, reserved 1048576K
}
Event: 2.470 GC heap before
{Heap before GC invocations=4 (full 0):
 PSYoungGen      total 35840K, used 35811K [0x00000000d8000000, 0x00000000dc600000, 0x0000000100000000)
  eden space 30720K, 100% used [0x00000000d8000000,0x00000000d9e00000,0x00000000d9e00000)
  from space 5120K, 99% used [0x00000000d9e00000,0x00000000da2f8cd8,0x00000000da300000)
  to   space 5120K, 0% used [0x00000000dc100000,0x00000000dc100000,0x00000000dc600000)
 ParOldGen       total 81920K, used 1986K [0x0000000088000000, 0x000000008d000000, 0x00000000d8000000)
  object space 81920K, 2% used [0x0000000088000000,0x00000000881f0920,0x000000008d000000)
 Metaspace       used 16083K, capacity 16272K, committed 16384K, reserved 1062912K
  class space    used 1968K, capacity 2038K, committed 2048K, reserved 1048576K
Event: 2.487 GC heap after
Heap after GC invocations=4 (full 0):
 PSYoungGen      total 66560K, used 5088K [0x00000000d8000000, 0x00000000dc600000, 0x0000000100000000)
  eden space 61440K, 0% used [0x00000000d8000000,0x00000000d8000000,0x00000000dbc00000)
  from space 5120K, 99% used [0x00000000dc100000,0x00000000dc5f8020,0x00000000dc600000)
  to   space 5120K, 0% used [0x00000000dbc00000,0x00000000dbc00000,0x00000000dc100000)
 ParOldGen       total 81920K, used 5337K [0x0000000088000000, 0x000000008d000000, 0x00000000d8000000)
  object space 81920K, 6% used [0x0000000088000000,0x00000000885365e0,0x000000008d000000)
 Metaspace       used 16083K, capacity 16272K, committed 16384K, reserved 1062912K
  class space    used 1968K, capacity 2038K, committed 2048K, reserved 1048576K
}
Event: 3.071 GC heap before
{Heap before GC invocations=5 (full 0):
 PSYoungGen      total 66560K, used 66528K [0x00000000d8000000, 0x00000000dc600000, 0x0000000100000000)
  eden space 61440K, 100% used [0x00000000d8000000,0x00000000dbc00000,0x00000000dbc00000)
  from space 5120K, 99% used [0x00000000dc100000,0x00000000dc5f8020,0x00000000dc600000)
  to   space 5120K, 0% used [0x00000000dbc00000,0x00000000dbc00000,0x00000000dc100000)
 ParOldGen       total 81920K, used 5337K [0x0000000088000000, 0x000000008d000000, 0x00000000d8000000)
  object space 81920K, 6% used [0x0000000088000000,0x00000000885365e0,0x000000008d000000)
 Metaspace       used 16727K, capacity 17020K, committed 17280K, reserved 1064960K
  class space    used 1997K, capacity 2072K, committed 2176K, reserved 1048576K
Event: 3.101 GC heap after
Heap after GC invocations=5 (full 0):
 PSYoungGen      total 66560K, used 5104K [0x00000000d8000000, 0x00000000e0f00000, 0x0000000100000000)
  eden space 61440K, 0% used [0x00000000d8000000,0x00000000d8000000,0x00000000dbc00000)
  from space 5120K, 99% used [0x00000000dbc00000,0x00000000dc0fc030,0x00000000dc100000)
  to   space 11776K, 0% used [0x00000000e0380000,0x00000000e0380000,0x00000000e0f00000)
 ParOldGen       total 81920K, used 11544K [0x0000000088000000, 0x000000008d000000, 0x00000000d8000000)
  object space 81920K, 14% used [0x0000000088000000,0x0000000088b46378,0x000000008d000000)
 Metaspace       used 16727K, capacity 17020K, committed 17280K, reserved 1064960K
  class space    used 1997K, capacity 2072K, committed 2176K, reserved 1048576K
}
Event: 3.617 GC heap before
{Heap before GC invocations=6 (full 0):
 PSYoungGen      total 66560K, used 66544K [0x00000000d8000000, 0x00000000e0f00000, 0x0000000100000000)
  eden space 61440K, 100% used [0x00000000d8000000,0x00000000dbc00000,0x00000000dbc00000)
  from space 5120K, 99% used [0x00000000dbc00000,0x00000000dc0fc030,0x00000000dc100000)
  to   space 11776K, 0% used [0x00000000e0380000,0x00000000e0380000,0x00000000e0f00000)
 ParOldGen       total 81920K, used 11544K [0x0000000088000000, 0x000000008d000000, 0x00000000d8000000)
  object space 81920K, 14% used [0x0000000088000000,0x0000000088b46378,0x000000008d000000)
 Metaspace       used 17037K, capacity 17276K, committed 17536K, reserved 1064960K
  class space    used 2015K, capacity 2111K, committed 2176K, reserved 1048576K
Event: 3.638 GC heap after
Heap after GC invocations=6 (full 0):
 PSYoungGen      total 133120K, used 11561K [0x00000000d8000000, 0x00000000e1200000, 0x0000000100000000)
  eden space 121344K, 0% used [0x00000000d8000000,0x00000000d8000000,0x00000000df680000)
  from space 11776K, 98% used [0x00000000e0380000,0x00000000e0eca7d8,0x00000000e0f00000)
  to   space 13312K, 0% used [0x00000000df680000,0x00000000df680000,0x00000000e0380000)
 ParOldGen       total 81920K, used 11552K [0x0000000088000000, 0x000000008d000000, 0x00000000d8000000)
  object space 81920K, 14% used [0x0000000088000000,0x0000000088b48378,0x000000008d000000)
 Metaspace       used 17037K, capacity 17276K, committed 17536K, reserved 1064960K
  class space    used 2015K, capacity 2111K, committed 2176K, reserved 1048576K
}
Event: 6.333 GC heap before
{Heap before GC invocations=7 (full 0):
 PSYoungGen      total 133120K, used 132905K [0x00000000d8000000, 0x00000000e1200000, 0x0000000100000000)
  eden space 121344K, 100% used [0x00000000d8000000,0x00000000df680000,0x00000000df680000)
  from space 11776K, 98% used [0x00000000e0380000,0x00000000e0eca7d8,0x00000000e0f00000)
  to   space 13312K, 0% used [0x00000000df680000,0x00000000df680000,0x00000000e0380000)
 ParOldGen       total 81920K, used 11552K [0x0000000088000000, 0x000000008d000000, 0x00000000d8000000)
  object space 81920K, 14% used [0x0000000088000000,0x0000000088b48378,0x000000008d000000)
 Metaspace       used 17606K, capacity 17966K, committed 18304K, reserved 1064960K
  class space    used 2033K, capacity 2146K, committed 2176K, reserved 1048576K

